<?xml version="1.0" encoding="UTF-8"?>
<!-- Generated by org.testng.reporters.JUnitXMLReporter -->
<testsuite ignored="0" hostname="DESKTOP-L8LI43D" failures="0" tests="5" name="Default test" time="15.271" errors="0" timestamp="2025-12-06T18:59:14 IST">
  <testcase classname="com.qa.api.tests.ContactsAPITests" name="createContact" time="9.401"/>
  <testcase classname="com.qa.api.tests.ContactsAPITests" name="getContact" time="1.341"/>
  <testcase classname="com.qa.api.tests.ContactsAPITests" name="putUpdateContact" time="1.327"/>
  <testcase classname="com.qa.api.tests.ContactsAPITests" name="patchUpdateContact" time="1.282"/>
  <testcase classname="com.qa.api.tests.ContactsAPITests" name="deleteContact" time="1.383"/>
</testsuite> <!-- Default test -->
