<?xml version="1.0" encoding="UTF-8"?>
<testng-results ignored="0" total="5" passed="5" failed="0" skipped="0">
  <reporter-output>
  </reporter-output>
  <suite started-at="2025-12-06T18:58:59 IST" name="Default suite" finished-at="2025-12-06T18:59:14 IST" duration-ms="15271">
    <groups>
    </groups>
    <test started-at="2025-12-06T18:58:59 IST" name="Default test" finished-at="2025-12-06T18:59:14 IST" duration-ms="15271">
      <class name="com.qa.api.tests.ContactsAPITests">
        <test-method is-config="true" signature="setUp()[pri:0, instance:com.qa.api.tests.ContactsAPITests@34f22f9d]" started-at="2025-12-06T18:58:59 IST" name="setUp" finished-at="2025-12-06T18:58:59 IST" duration-ms="26" status="PASS">
          <reporter-output>
          </reporter-output>
        </test-method> <!-- setUp -->
        <test-method signature="createContact()[pri:0, instance:com.qa.api.tests.ContactsAPITests@34f22f9d]" started-at="2025-12-06T18:58:59 IST" name="createContact" finished-at="2025-12-06T18:59:09 IST" duration-ms="9401" status="PASS">
          <reporter-output>
          </reporter-output>
        </test-method> <!-- createContact -->
        <test-method signature="getContact()[pri:0, instance:com.qa.api.tests.ContactsAPITests@34f22f9d]" started-at="2025-12-06T18:59:09 IST" name="getContact" finished-at="2025-12-06T18:59:10 IST" depends-on-methods="com.qa.api.tests.ContactsAPITests.createContact" duration-ms="1341" status="PASS">
          <reporter-output>
          </reporter-output>
        </test-method> <!-- getContact -->
        <test-method signature="putUpdateContact()[pri:0, instance:com.qa.api.tests.ContactsAPITests@34f22f9d]" started-at="2025-12-06T18:59:10 IST" name="putUpdateContact" finished-at="2025-12-06T18:59:11 IST" depends-on-methods="com.qa.api.tests.ContactsAPITests.getContact" duration-ms="1327" status="PASS">
          <reporter-output>
          </reporter-output>
        </test-method> <!-- putUpdateContact -->
        <test-method signature="patchUpdateContact()[pri:0, instance:com.qa.api.tests.ContactsAPITests@34f22f9d]" started-at="2025-12-06T18:59:11 IST" name="patchUpdateContact" finished-at="2025-12-06T18:59:13 IST" depends-on-methods="com.qa.api.tests.ContactsAPITests.putUpdateContact" duration-ms="1282" status="PASS">
          <reporter-output>
          </reporter-output>
        </test-method> <!-- patchUpdateContact -->
        <test-method signature="deleteContact()[pri:0, instance:com.qa.api.tests.ContactsAPITests@34f22f9d]" started-at="2025-12-06T18:59:13 IST" name="deleteContact" finished-at="2025-12-06T18:59:14 IST" depends-on-methods="com.qa.api.tests.ContactsAPITests.patchUpdateContact" duration-ms="1383" status="PASS">
          <reporter-output>
          </reporter-output>
        </test-method> <!-- deleteContact -->
        <test-method is-config="true" signature="tearDown()[pri:0, instance:com.qa.api.tests.ContactsAPITests@34f22f9d]" started-at="2025-12-06T18:59:14 IST" name="tearDown" finished-at="2025-12-06T18:59:14 IST" duration-ms="362" status="PASS">
          <reporter-output>
          </reporter-output>
        </test-method> <!-- tearDown -->
      </class> <!-- com.qa.api.tests.ContactsAPITests -->
    </test> <!-- Default test -->
  </suite> <!-- Default suite -->
</testng-results>
